<?xml version="1.0" encoding="UTF-8"?>
<!-- Generated by org.testng.reporters.JUnitReportReporter -->
<testsuite hostname="sony-PC" name="testCases.TC001_Login" tests="2" failures="0" timestamp="17 Dec 2017 19:15:13 GMT" time="20.573" errors="0">
  <testcase name="loginLogOut" time="8.809" classname="testCases.TC001_Login"/>
  <testcase name="loginLogOut" time="11.764" classname="testCases.TC001_Login"/>
</testsuite> <!-- testCases.TC001_Login -->
